<?xml version="1.0" encoding="UTF-8"?>
<!-- Generated by org.testng.reporters.JUnitXMLReporter -->
<testsuite ignored="5" hostname="LAPTOP-4S7TU50V" failures="0" tests="1" name="Example Test" time="0.038" errors="0" timestamp="2023-03-07T21:18:08 EST">
  <testcase classname="testng_demo.ExampleTest1" name="testA" time="0.007"/>
  <testcase classname="testng_demo.ExampleTest1" name="testB" time="0.0">
    <ignored/>
  </testcase> <!-- testB -->
  <testcase classname="testng_demo.ExampleTest2" name="testD" time="0.0">
    <ignored/>
  </testcase> <!-- testD -->
  <testcase classname="testng_demo.ExampleTest1" name="testC" time="0.0">
    <ignored/>
  </testcase> <!-- testC -->
  <testcase classname="testng_demo.ExampleTest2" name="testF" time="0.0">
    <ignored/>
  </testcase> <!-- testF -->
  <testcase classname="testng_demo.ExampleTest2" name="testE" time="0.0">
    <ignored/>
  </testcase> <!-- testE -->
</testsuite> <!-- Example Test -->
