<?xml version="1.0" encoding="UTF-8"?>
<!-- Generated by org.testng.reporters.JUnitXMLReporter -->
<testsuite ignored="0" hostname="LAPTOP-4S7TU50V" failures="0" tests="3" name="Default test" time="0.052" errors="0" timestamp="2023-03-07T20:56:02 EST">
  <testcase classname="testng_demo.ExampleTest2" name="testD" time="0.004"/>
  <testcase classname="testng_demo.ExampleTest2" name="testE" time="0.001"/>
  <testcase classname="testng_demo.ExampleTest2" name="testF" time="0.001"/>
</testsuite> <!-- Default test -->
