<?xml version="1.0" encoding="UTF-8"?>
<!-- Generated by org.testng.reporters.JUnitXMLReporter -->
<testsuite ignored="0" hostname="LAPTOP-4S7TU50V" failures="0" tests="6" name="DemoTest1" time="0.076" errors="0" timestamp="2023-03-09T21:03:58 EST">
  <testcase classname="annotations.AnnotationsDemo1" name="testMethodA" time="0.004"/>
  <testcase classname="annotations.AnnotationsDemo1" name="testMethodB" time="0.002"/>
  <testcase classname="annotations.AnnotationsDemo1" name="testMethodC" time="0.003"/>
  <testcase classname="annotations.AnnotationsDemo2" name="testMethodD" time="0.002"/>
  <testcase classname="annotations.AnnotationsDemo2" name="testMethodE" time="0.001"/>
  <testcase classname="annotations.AnnotationsDemo2" name="testMethodF" time="0.001"/>
</testsuite> <!-- DemoTest1 -->
