<?xml version="1.0" encoding="UTF-8"?>
<!-- Generated by org.testng.reporters.JUnitXMLReporter -->
<testsuite ignored="0" hostname="LAPTOP-4S7TU50V" failures="0" tests="3" name="DemoTest2" time="0.006" errors="0" timestamp="2023-03-09T20:27:12 EST">
  <testcase classname="annotations.AnnotationsDemo2" name="testMethodD" time="0.001"/>
  <testcase classname="annotations.AnnotationsDemo2" name="testMethodE" time="0.001"/>
  <testcase classname="annotations.AnnotationsDemo2" name="testMethodF" time="0.001"/>
</testsuite> <!-- DemoTest2 -->
