<?xml version="1.0" encoding="UTF-8"?>
<!-- Generated by org.testng.reporters.JUnitXMLReporter -->
<testsuite ignored="0" hostname="LAPTOP-4S7TU50V" failures="0" tests="4" name="Orange HRM Test 1" time="15.98" errors="0" timestamp="2023-03-11T13:50:00 EST">
  <testcase classname="attributes.OrangeHRMTest1" name="testLandOnLoginPage" time="0.338"/>
  <testcase classname="attributes.OrangeHRMTest1" name="testLoginWithInvalidCredentials" time="1.264"/>
  <testcase classname="attributes.OrangeHRMTest1" name="testLoginWithValidCredentials" time="1.771"/>
  <testcase classname="attributes.OrangeHRMTest1" name="testLoginWithValidCredentials" time="1.745"/>
</testsuite> <!-- Orange HRM Test 1 -->
