<?xml version="1.0" encoding="UTF-8"?>
<!-- Generated by org.testng.reporters.JUnitXMLReporter -->
<testsuite ignored="0" hostname="LAPTOP-4S7TU50V" failures="1" tests="2" name="Listener Test" time="4.284" errors="0" timestamp="2023-03-14T21:14:27 EDT">
  <testcase classname="testng_listeners.ListenerDemo" name="testValidLoginWithHardAssert" time="3.354">
    <failure type="java.lang.AssertionError" message="expected [OrangeHR] but found [OrangeHRM]">
      <![CDATA[java.lang.AssertionError: expected [OrangeHR] but found [OrangeHRM]
at testng_listeners.ListenerDemo.testValidLoginWithHardAssert(ListenerDemo.java:37)
at java.base/java.util.ArrayList.forEach(ArrayList.java:1511)
... Removed 33 stack frames]]>
    </failure>
  </testcase> <!-- testValidLoginWithHardAssert -->
  <testcase classname="testng_listeners.ListenerDemo" name="testValidLoginWithSoftAssert" time="0.89"/>
</testsuite> <!-- Listener Test -->
