<?xml version="1.0" encoding="UTF-8"?>
<testng-results ignored="5" total="6" passed="1" failed="0" skipped="0">
  <reporter-output>
  </reporter-output>
  <suite started-at="2023-03-07T21:18:08 EST" name="ExampleSuite" finished-at="2023-03-07T21:18:08 EST" duration-ms="38">
    <groups>
      <group name="reg">
        <method signature="ExampleTest1.testA()[pri:0, instance:testng_demo.ExampleTest1@359f7cdf]" name="testA" class="testng_demo.ExampleTest1"/>
      </group> <!-- reg -->
      <group name="smoke">
        <method signature="ExampleTest1.testA()[pri:0, instance:testng_demo.ExampleTest1@359f7cdf]" name="testA" class="testng_demo.ExampleTest1"/>
      </group> <!-- smoke -->
    </groups>
    <test started-at="2023-03-07T21:18:08 EST" name="Example Test" finished-at="2023-03-07T21:18:08 EST" duration-ms="38">
      <class name="testng_demo.ExampleTest1">
        <test-method signature="testA()[pri:0, instance:testng_demo.ExampleTest1@359f7cdf]" started-at="2023-03-07T21:18:08 EST" name="testA" finished-at="2023-03-07T21:18:08 EST" duration-ms="7" status="PASS">
          <reporter-output>
          </reporter-output>
        </test-method> <!-- testA -->
      </class> <!-- testng_demo.ExampleTest1 -->
    </test> <!-- Example Test -->
  </suite> <!-- ExampleSuite -->
</testng-results>
